0 verbose cli /usr/local/nvm/versions/node/v18.12.1/bin/node /usr/local/nvm/versions/node/v18.12.1/bin/npm
1 info using npm@9.5.1
2 info using node@v18.12.1
3 timing npm:load:whichnode Completed in 1ms
4 timing config:load:defaults Completed in 2ms
5 timing config:load:file:/usr/local/nvm/versions/node/v18.12.1/lib/node_modules/npm/npmrc Completed in 1ms
6 timing config:load:builtin Completed in 1ms
7 timing config:load:cli Completed in 3ms
8 timing config:load:env Completed in 1ms
9 timing config:load:file:/home/user409/events-app-2023/web-server/.npmrc Completed in 0ms
10 timing config:load:project Completed in 1ms
11 timing config:load:file:/home/user409/.npmrc Completed in 0ms
12 timing config:load:user Completed in 1ms
13 timing config:load:file:/usr/local/nvm/versions/node/v18.12.1/etc/npmrc Completed in 0ms
14 timing config:load:global Completed in 0ms
15 timing config:load:setEnvs Completed in 1ms
16 timing config:load Completed in 11ms
17 timing npm:load:configload Completed in 11ms
18 timing npm:load:mkdirpcache Completed in 1ms
19 timing npm:load:mkdirplogs Completed in 0ms
20 verbose title npm install
21 verbose argv "install"
22 timing npm:load:setTitle Completed in 1ms
23 timing config:load:flatten Completed in 4ms
24 timing npm:load:display Completed in 4ms
25 verbose logfile logs-max:10 dir:/home/user409/.npm/_logs/2023-03-14T07_38_48_249Z-
26 verbose logfile /home/user409/.npm/_logs/2023-03-14T07_38_48_249Z-debug-0.log
27 timing npm:load:logFile Completed in 6ms
28 timing npm:load:timers Completed in 0ms
29 timing npm:load:configScope Completed in 1ms
30 timing npm:load Completed in 26ms
31 timing arborist:ctor Completed in 1ms
32 silly logfile done cleaning log files
33 timing idealTree:init Completed in 368ms
34 timing idealTree:userRequests Completed in 1ms
35 silly idealTree buildDeps
36 timing idealTree:#root Completed in 0ms
37 timing idealTree:buildDeps Completed in 2ms
38 timing idealTree:fixDepFlags Completed in 0ms
39 timing idealTree Completed in 378ms
40 timing reify:loadTrees Completed in 390ms
41 timing reify:diffTrees Completed in 5ms
42 silly reify moves {}
43 timing reify:retireShallow Completed in 2ms
44 timing reify:createSparse Completed in 58ms
45 timing reify:loadBundles Completed in 0ms
46 silly audit bulk request {
46 silly audit   '@ampproject/remapping': [ '2.2.0' ],
46 silly audit   '@babel/code-frame': [ '7.18.6' ],
46 silly audit   '@babel/compat-data': [ '7.21.0' ],
46 silly audit   '@babel/core': [ '7.21.0' ],
46 silly audit   debug: [ '4.3.4', '2.6.9' ],
46 silly audit   ms: [ '2.1.2', '2.1.3', '2.0.0' ],
46 silly audit   '@babel/generator': [ '7.21.1' ],
46 silly audit   '@jridgewell/gen-mapping': [ '0.3.2', '0.1.1' ],
46 silly audit   '@babel/helper-compilation-targets': [ '7.20.7' ],
46 silly audit   '@babel/helper-environment-visitor': [ '7.18.9' ],
46 silly audit   '@babel/helper-function-name': [ '7.21.0' ],
46 silly audit   '@babel/helper-hoist-variables': [ '7.18.6' ],
46 silly audit   '@babel/helper-module-imports': [ '7.18.6' ],
46 silly audit   '@babel/helper-module-transforms': [ '7.21.2' ],
46 silly audit   '@babel/helper-simple-access': [ '7.20.2' ],
46 silly audit   '@babel/helper-split-export-declaration': [ '7.18.6' ],
46 silly audit   '@babel/helper-string-parser': [ '7.19.4' ],
46 silly audit   '@babel/helper-validator-identifier': [ '7.19.1' ],
46 silly audit   '@babel/helper-validator-option': [ '7.21.0' ],
46 silly audit   '@babel/helpers': [ '7.21.0' ],
46 silly audit   '@babel/highlight': [ '7.18.6' ],
46 silly audit   'ansi-styles': [ '3.2.1', '4.3.0' ],
46 silly audit   chalk: [ '2.4.2', '4.1.2' ],
46 silly audit   'color-convert': [ '1.9.3', '2.0.1' ],
46 silly audit   'color-name': [ '1.1.3', '1.1.4' ],
46 silly audit   'escape-string-regexp': [ '1.0.5', '4.0.0' ],
46 silly audit   'has-flag': [ '3.0.0', '4.0.0' ],
46 silly audit   'supports-color': [ '5.5.0', '7.2.0', '8.1.1' ],
46 silly audit   '@babel/parser': [ '7.21.2' ],
46 silly audit   '@babel/template': [ '7.20.7' ],
46 silly audit   '@babel/traverse': [ '7.21.2' ],
46 silly audit   '@babel/types': [ '7.21.2' ],
46 silly audit   '@istanbuljs/load-nyc-config': [ '1.1.0' ],
46 silly audit   argparse: [ '1.0.10', '2.0.1' ],
46 silly audit   'find-up': [ '4.1.0', '5.0.0' ],
46 silly audit   'js-yaml': [ '3.14.1', '4.1.0' ],
46 silly audit   'locate-path': [ '5.0.0', '6.0.0' ],
46 silly audit   'p-limit': [ '2.3.0', '3.1.0' ],
46 silly audit   'p-locate': [ '4.1.0', '5.0.0' ],
46 silly audit   '@istanbuljs/schema': [ '0.1.3' ],
46 silly audit   '@jridgewell/resolve-uri': [ '3.1.0' ],
46 silly audit   '@jridgewell/set-array': [ '1.1.2' ],
46 silly audit   '@jridgewell/sourcemap-codec': [ '1.4.14' ],
46 silly audit   '@jridgewell/trace-mapping': [ '0.3.17' ],
46 silly audit   '@types/body-parser': [ '1.19.2' ],
46 silly audit   '@types/connect': [ '3.4.35' ],
46 silly audit   '@types/cookiejar': [ '2.1.2' ],
46 silly audit   '@types/express': [ '4.17.17' ],
46 silly audit   '@types/express-serve-static-core': [ '4.17.33' ],
46 silly audit   '@types/mime': [ '3.0.1' ],
46 silly audit   '@types/mocha': [ '10.0.1' ],
46 silly audit   '@types/morgan': [ '1.9.4' ],
46 silly audit   '@types/node': [ '18.14.2' ],
46 silly audit   '@types/qs': [ '6.9.7' ],
46 silly audit   '@types/range-parser': [ '1.2.4' ],
46 silly audit   '@types/serve-static': [ '1.15.1' ],
46 silly audit   '@types/superagent': [ '4.1.16' ],
46 silly audit   '@types/supertest': [ '2.0.12' ],
46 silly audit   accepts: [ '1.3.8' ],
46 silly audit   'aggregate-error': [ '3.1.0' ],
46 silly audit   'ansi-colors': [ '4.1.1' ],
46 silly audit   'ansi-regex': [ '5.0.1' ],
46 silly audit   anymatch: [ '3.1.3' ],
46 silly audit   'append-transform': [ '2.0.0' ],
46 silly audit   archy: [ '1.0.0' ],
46 silly audit   'array-flatten': [ '1.1.1' ],
46 silly audit   asap: [ '2.0.6' ],
46 silly audit   'assertion-error': [ '1.1.0' ],
46 silly audit   asynckit: [ '0.4.0' ],
46 silly audit   axios: [ '1.3.4' ],
46 silly audit   'balanced-match': [ '1.0.2' ],
46 silly audit   'basic-auth': [ '2.0.1' ],
46 silly audit   'safe-buffer': [ '5.1.2', '5.2.1' ],
46 silly audit   'binary-extensions': [ '2.2.0' ],
46 silly audit   'body-parser': [ '1.20.2', '1.20.1' ],
46 silly audit   'brace-expansion': [ '2.0.1', '1.1.11' ],
46 silly audit   braces: [ '3.0.2' ],
46 silly audit   'browser-stdout': [ '1.3.1' ],
46 silly audit   browserslist: [ '4.21.5' ],
46 silly audit   bytes: [ '3.1.2' ],
46 silly audit   'caching-transform': [ '4.0.0' ],
46 silly audit   'call-bind': [ '1.0.2' ],
46 silly audit   camelcase: [ '5.3.1', '6.3.0' ],
46 silly audit   'caniuse-lite': [ '1.0.30001458' ],
46 silly audit   chai: [ '4.3.7' ],
46 silly audit   'check-error': [ '1.0.2' ],
46 silly audit   chokidar: [ '3.5.3' ],
46 silly audit   'clean-stack': [ '2.2.0' ],
46 silly audit   cliui: [ '7.0.4', '6.0.0' ],
46 silly audit   'combined-stream': [ '1.0.8' ],
46 silly audit   commondir: [ '1.0.1' ],
46 silly audit   'component-emitter': [ '1.3.0' ],
46 silly audit   'concat-map': [ '0.0.1' ],
46 silly audit   'content-disposition': [ '0.5.4' ],
46 silly audit   'content-type': [ '1.0.5' ],
46 silly audit   'convert-source-map': [ '1.9.0' ],
46 silly audit   cookie: [ '0.4.1', '0.5.0' ],
46 silly audit   'cookie-parser': [ '1.4.6' ],
46 silly audit   'cookie-signature': [ '1.0.6' ],
46 silly audit   cookiejar: [ '2.1.4' ],
46 silly audit   'cross-spawn': [ '7.0.3' ],
46 silly audit   decamelize: [ '1.2.0', '4.0.0' ],
46 silly audit   'deep-eql': [ '4.1.3' ],
46 silly audit   'default-require-extensions': [ '3.0.1' ],
46 silly audit   'delayed-stream': [ '1.0.0' ],
46 silly audit   depd: [ '2.0.0' ],
46 silly audit   destroy: [ '1.2.0' ],
46 silly audit   dezalgo: [ '1.0.4' ],
46 silly audit   diff: [ '5.0.0' ],
46 silly audit   'ee-first': [ '1.1.1' ],
46 silly audit   'electron-to-chromium': [ '1.4.311' ],
46 silly audit   'emoji-regex': [ '8.0.0' ],
46 silly audit   encodeurl: [ '1.0.2' ],
46 silly audit   'es6-error': [ '4.1.1' ],
46 silly audit   escalade: [ '3.1.1' ],
46 silly audit   'escape-html': [ '1.0.3' ],
46 silly audit   esprima: [ '4.0.1' ],
46 silly audit   etag: [ '1.8.1' ],
46 silly audit   express: [ '4.18.2' ],
46 silly audit   'express-handlebars': [ '6.0.7' ],
46 silly audit   'raw-body': [ '2.5.1', '2.5.2' ],
46 silly audit   'fast-safe-stringify': [ '2.1.1' ],
46 silly audit   'fill-range': [ '7.0.1' ],
46 silly audit   finalhandler: [ '1.2.0' ],
46 silly audit   'find-cache-dir': [ '3.3.2' ],
46 silly audit   flat: [ '5.0.2' ],
46 silly audit   'follow-redirects': [ '1.15.2' ],
46 silly audit   foreachasync: [ '3.0.0' ],
46 silly audit   'foreground-child': [ '2.0.0' ],
46 silly audit   'form-data': [ '4.0.0' ],
46 silly audit   formidable: [ '2.1.2' ],
46 silly audit   forwarded: [ '0.2.0' ],
46 silly audit   fresh: [ '0.5.2' ],
46 silly audit   fromentries: [ '1.3.2' ],
46 silly audit   'fs.realpath': [ '1.0.0' ],
46 silly audit   fsevents: [ '2.3.2' ],
46 silly audit   'function-bind': [ '1.1.1' ],
46 silly audit   gensync: [ '1.0.0-beta.2' ],
46 silly audit   'get-caller-file': [ '2.0.5' ],
46 silly audit   'get-func-name': [ '2.0.0' ],
46 silly audit   'get-intrinsic': [ '1.2.0' ],
46 silly audit   'get-package-type': [ '0.1.0' ],
46 silly audit   glob: [ '8.1.0', '7.2.0', '7.2.3' ],
46 silly audit   'glob-parent': [ '5.1.2' ],
46 silly audit   globals: [ '11.12.0' ],
46 silly audit   'graceful-fs': [ '4.2.10' ],
46 silly audit   handlebars: [ '4.7.7' ],
46 silly audit   has: [ '1.0.3' ],
46 silly audit   'has-symbols': [ '1.0.3' ],
46 silly audit   hasha: [ '5.2.2' ],
46 silly audit   hbs: [ '4.2.0' ],
46 silly audit   he: [ '1.2.0' ],
46 silly audit   hexoid: [ '1.0.0' ],
46 silly audit   'html-escaper': [ '2.0.2' ],
46 silly audit   'http-errors': [ '2.0.0' ],
46 silly audit   'iconv-lite': [ '0.4.24' ],
46 silly audit   imurmurhash: [ '0.1.4' ],
46 silly audit   'indent-string': [ '4.0.0' ],
46 silly audit   inflight: [ '1.0.6' ],
46 silly audit   inherits: [ '2.0.4' ],
46 silly audit   'ipaddr.js': [ '1.9.1' ],
46 silly audit   'is-binary-path': [ '2.1.0' ],
46 silly audit   'is-extglob': [ '2.1.1' ],
46 silly audit   'is-fullwidth-code-point': [ '3.0.0' ],
46 silly audit   'is-glob': [ '4.0.3' ],
46 silly audit   'is-number': [ '7.0.0' ],
46 silly audit   'is-plain-obj': [ '2.1.0' ],
46 silly audit   'is-stream': [ '2.0.1' ],
46 silly audit   'is-typedarray': [ '1.0.0' ],
46 silly audit   'is-unicode-supported': [ '0.1.0' ],
46 silly audit   'is-windows': [ '1.0.2' ],
46 silly audit   isexe: [ '2.0.0' ],
46 silly audit   'istanbul-lib-coverage': [ '3.2.0' ],
46 silly audit   'istanbul-lib-hook': [ '3.0.0' ],
46 silly audit   'istanbul-lib-instrument': [ '4.0.3' ],
46 silly audit   'istanbul-lib-processinfo': [ '2.0.3' ],
46 silly audit   'istanbul-lib-report': [ '3.0.0' ],
46 silly audit   'istanbul-lib-source-maps': [ '4.0.1' ],
46 silly audit   'istanbul-reports': [ '3.1.5' ],
46 silly audit   'js-tokens': [ '4.0.0' ],
46 silly audit   jsesc: [ '2.5.2' ],
46 silly audit   'json-stringify-safe': [ '5.0.1' ],
46 silly audit   json5: [ '2.2.3' ],
46 silly audit   lodash: [ '4.17.21' ],
46 silly audit   'lodash.flattendeep': [ '4.4.0' ],
46 silly audit   'log-symbols': [ '4.1.0' ],
46 silly audit   loupe: [ '2.3.6' ],
46 silly audit   'lru-cache': [ '5.1.1', '6.0.0' ],
46 silly audit   'make-dir': [ '3.1.0' ],
46 silly audit   'media-typer': [ '0.3.0' ],
46 silly audit   'merge-descriptors': [ '1.0.1' ],
46 silly audit   methods: [ '1.1.2' ],
46 silly audit   mime: [ '1.6.0', '2.6.0' ],
46 silly audit   'mime-db': [ '1.52.0' ],
46 silly audit   'mime-types': [ '2.1.35' ],
46 silly audit   minimatch: [ '5.1.6', '3.1.2', '5.0.1' ],
46 silly audit   minimist: [ '1.2.8' ],
46 silly audit   mocha: [ '10.2.0' ],
46 silly audit   morgan: [ '1.10.0' ],
46 silly audit   'on-finished': [ '2.3.0', '2.4.1' ],
46 silly audit   nanoid: [ '3.3.3' ],
46 silly audit   negotiator: [ '0.6.3' ],
46 silly audit   'neo-async': [ '2.6.2' ],
46 silly audit   nocache: [ '3.0.4' ],
46 silly audit   nock: [ '13.3.0' ],
46 silly audit   'node-preload': [ '0.2.1' ],
46 silly audit   'node-releases': [ '2.0.10' ],
46 silly audit   'normalize-path': [ '3.0.0' ],
46 silly audit   nyc: [ '15.1.0' ],
46 silly audit   'wrap-ansi': [ '6.2.0', '7.0.0' ],
46 silly audit   y18n: [ '4.0.3', '5.0.8' ],
46 silly audit   yargs: [ '15.4.1', '16.2.0' ],
46 silly audit   'yargs-parser': [ '18.1.3', '20.2.4' ],
46 silly audit   'object-inspect': [ '1.12.3' ],
46 silly audit   'on-headers': [ '1.0.2' ],
46 silly audit   once: [ '1.4.0' ],
46 silly audit   'p-map': [ '3.0.0' ],
46 silly audit   'p-try': [ '2.2.0' ],
46 silly audit   'package-hash': [ '4.0.0' ],
46 silly audit   parseurl: [ '1.3.3' ],
46 silly audit   'path-exists': [ '4.0.0' ],
46 silly audit   'path-is-absolute': [ '1.0.1' ],
46 silly audit   'path-key': [ '3.1.1' ],
46 silly audit   'path-to-regexp': [ '0.1.7' ],
46 silly audit   pathval: [ '1.1.1' ],
46 silly audit   picocolors: [ '1.0.0' ],
46 silly audit   picomatch: [ '2.3.1' ],
46 silly audit   'pkg-dir': [ '4.2.0' ],
46 silly audit   'process-on-spawn': [ '1.0.0' ],
46 silly audit   propagate: [ '2.0.1' ],
46 silly audit   'proxy-addr': [ '2.0.7' ],
46 silly audit   'proxy-from-env': [ '1.1.0' ],
46 silly audit   qs: [ '6.11.0' ],
46 silly audit   randombytes: [ '2.1.0' ],
46 silly audit   'range-parser': [ '1.2.1' ],
46 silly audit   readdirp: [ '3.6.0' ],
46 silly audit   'release-zalgo': [ '1.0.0' ],
46 silly audit   'require-directory': [ '2.1.1' ],
46 silly audit   'require-main-filename': [ '2.0.0' ],
46 silly audit   'resolve-from': [ '5.0.0' ],
46 silly audit   rimraf: [ '3.0.2' ],
46 silly audit   'safer-buffer': [ '2.1.2' ],
46 silly audit   semver: [ '6.3.0', '7.3.8' ],
46 silly audit   send: [ '0.18.0' ],
46 silly audit   'serialize-javascript': [ '6.0.0' ],
46 silly audit   'serve-static': [ '1.15.0' ],
46 silly audit   'set-blocking': [ '2.0.0' ],
46 silly audit   setprototypeof: [ '1.2.0' ],
46 silly audit   'shebang-command': [ '2.0.0' ],
46 silly audit   'shebang-regex': [ '3.0.0' ],
46 silly audit   'side-channel': [ '1.0.4' ],
46 silly audit   'signal-exit': [ '3.0.7' ],
46 silly audit   'source-map': [ '0.6.1' ],
46 silly audit   'spawn-wrap': [ '2.0.0' ],
46 silly audit   'sprintf-js': [ '1.0.3' ],
46 silly audit   statuses: [ '2.0.1' ],
46 silly audit   'string-width': [ '4.2.3' ],
46 silly audit   'strip-ansi': [ '6.0.1' ],
46 silly audit   'strip-bom': [ '4.0.0' ],
46 silly audit   'strip-json-comments': [ '3.1.1' ],
46 silly audit   superagent: [ '8.0.9' ],
46 silly audit   yallist: [ '4.0.0', '3.1.1' ],
46 silly audit   supertest: [ '6.3.3' ],
46 silly audit   'test-exclude': [ '6.0.0' ],
46 silly audit   'to-fast-properties': [ '2.0.0' ],
46 silly audit   'to-regex-range': [ '5.0.1' ],
46 silly audit   toidentifier: [ '1.0.1' ],
46 silly audit   'type-detect': [ '4.0.8' ],
46 silly audit   'type-fest': [ '0.8.1' ],
46 silly audit   'type-is': [ '1.6.18' ],
46 silly audit   'typedarray-to-buffer': [ '3.1.5' ],
46 silly audit   'uglify-js': [ '3.17.4' ],
46 silly audit   unpipe: [ '1.0.0' ],
46 silly audit   'update-browserslist-db': [ '1.0.10' ],
46 silly audit   'utils-merge': [ '1.0.1' ],
46 silly audit   uuid: [ '8.3.2' ],
46 silly audit   vary: [ '1.1.2' ],
46 silly audit   walk: [ '2.3.15' ],
46 silly audit   which: [ '2.0.2' ],
46 silly audit   'which-module': [ '2.0.0' ],
46 silly audit   wordwrap: [ '1.0.0' ],
46 silly audit   workerpool: [ '6.2.1' ],
46 silly audit   wrappy: [ '1.0.2' ],
46 silly audit   'write-file-atomic': [ '3.0.3' ],
46 silly audit   'yargs-unparser': [ '2.0.0' ],
46 silly audit   'yocto-queue': [ '0.1.0' ]
46 silly audit }
47 verbose reify failed optional dependency /home/user409/events-app-2023/web-server/node_modules/fsevents
48 silly reify mark deleted [ '/home/user409/events-app-2023/web-server/node_modules/fsevents' ]
49 timing reifyNode:node_modules/fsevents Completed in 165ms
50 silly tarball no local data for wordwrap@https://registry.npmjs.org/wordwrap/-/wordwrap-1.0.0.tgz. Extracting by manifest.
51 silly tarball no local data for walk@https://registry.npmjs.org/walk/-/walk-2.3.15.tgz. Extracting by manifest.
52 silly tarball no local data for uglify-js@https://registry.npmjs.org/uglify-js/-/uglify-js-3.17.4.tgz. Extracting by manifest.
53 silly tarball no local data for supertest@https://registry.npmjs.org/supertest/-/supertest-6.3.3.tgz. Extracting by manifest.
54 silly tarball no local data for superagent@https://registry.npmjs.org/superagent/-/superagent-8.0.9.tgz. Extracting by manifest.
55 silly tarball no local data for raw-body@https://registry.npmjs.org/raw-body/-/raw-body-2.5.2.tgz. Extracting by manifest.
56 silly tarball no local data for proxy-from-env@https://registry.npmjs.org/proxy-from-env/-/proxy-from-env-1.1.0.tgz. Extracting by manifest.
57 silly tarball no local data for propagate@https://registry.npmjs.org/propagate/-/propagate-2.0.1.tgz. Extracting by manifest.
58 silly tarball no local data for nock@https://registry.npmjs.org/nock/-/nock-13.3.0.tgz. Extracting by manifest.
59 silly tarball no local data for neo-async@https://registry.npmjs.org/neo-async/-/neo-async-2.6.2.tgz. Extracting by manifest.
60 silly tarball no local data for minimist@https://registry.npmjs.org/minimist/-/minimist-1.2.8.tgz. Extracting by manifest.
61 silly tarball no local data for minimatch@https://registry.npmjs.org/minimatch/-/minimatch-5.1.6.tgz. Extracting by manifest.
62 silly tarball no local data for lodash@https://registry.npmjs.org/lodash/-/lodash-4.17.21.tgz. Extracting by manifest.
63 silly tarball no local data for json-stringify-safe@https://registry.npmjs.org/json-stringify-safe/-/json-stringify-safe-5.0.1.tgz. Extracting by manifest.
64 silly tarball no local data for hexoid@https://registry.npmjs.org/hexoid/-/hexoid-1.0.0.tgz. Extracting by manifest.
65 silly tarball no local data for hbs@https://registry.npmjs.org/hbs/-/hbs-4.2.0.tgz. Extracting by manifest.
66 silly tarball no local data for handlebars@https://registry.npmjs.org/handlebars/-/handlebars-4.7.7.tgz. Extracting by manifest.
67 silly tarball no local data for glob@https://registry.npmjs.org/glob/-/glob-8.1.0.tgz. Extracting by manifest.
68 silly tarball no local data for formidable@https://registry.npmjs.org/formidable/-/formidable-2.1.2.tgz. Extracting by manifest.
69 silly tarball no local data for form-data@https://registry.npmjs.org/form-data/-/form-data-4.0.0.tgz. Extracting by manifest.
70 silly tarball no local data for foreachasync@https://registry.npmjs.org/foreachasync/-/foreachasync-3.0.0.tgz. Extracting by manifest.
71 silly tarball no local data for follow-redirects@https://registry.npmjs.org/follow-redirects/-/follow-redirects-1.15.2.tgz. Extracting by manifest.
72 silly tarball no local data for fast-safe-stringify@https://registry.npmjs.org/fast-safe-stringify/-/fast-safe-stringify-2.1.1.tgz. Extracting by manifest.
73 silly tarball no local data for express-handlebars@https://registry.npmjs.org/express-handlebars/-/express-handlebars-6.0.7.tgz. Extracting by manifest.
74 silly tarball no local data for dezalgo@https://registry.npmjs.org/dezalgo/-/dezalgo-1.0.4.tgz. Extracting by manifest.
75 silly tarball no local data for body-parser@https://registry.npmjs.org/body-parser/-/body-parser-1.20.2.tgz. Extracting by manifest.
76 silly tarball no local data for axios@https://registry.npmjs.org/axios/-/axios-1.3.4.tgz. Extracting by manifest.
77 silly tarball no local data for asap@https://registry.npmjs.org/asap/-/asap-2.0.6.tgz. Extracting by manifest.
78 silly tarball no local data for @types/supertest@https://registry.npmjs.org/@types/supertest/-/supertest-2.0.12.tgz. Extracting by manifest.
79 silly tarball no local data for @types/superagent@https://registry.npmjs.org/@types/superagent/-/superagent-4.1.16.tgz. Extracting by manifest.
80 silly tarball no local data for @types/node@https://registry.npmjs.org/@types/node/-/node-18.14.2.tgz. Extracting by manifest.
81 silly tarball no local data for glob@https://registry.npmjs.org/glob/-/glob-7.2.3.tgz. Extracting by manifest.
82 silly tarball no local data for yallist@https://registry.npmjs.org/yallist/-/yallist-4.0.0.tgz. Extracting by manifest.
83 silly tarball no local data for semver@https://registry.npmjs.org/semver/-/semver-7.3.8.tgz. Extracting by manifest.
84 silly tarball no local data for mime@https://registry.npmjs.org/mime/-/mime-2.6.0.tgz. Extracting by manifest.
85 silly tarball no local data for lru-cache@https://registry.npmjs.org/lru-cache/-/lru-cache-6.0.0.tgz. Extracting by manifest.
86 silly tarball no local data for glob@https://registry.npmjs.org/glob/-/glob-7.2.3.tgz. Extracting by manifest.
87 silly tarball no local data for glob@https://registry.npmjs.org/glob/-/glob-7.2.3.tgz. Extracting by manifest.
88 http fetch POST 200 https://registry.npmjs.org/-/npm/v1/security/advisories/bulk 1255ms
89 timing auditReport:getReport Completed in 1264ms
90 silly audit report {}
91 timing auditReport:init Completed in 0ms
92 timing reify:audit Completed in 1265ms
93 timing reifyNode:node_modules/wrappy Completed in 1665ms
94 timing reifyNode:node_modules/wrap-ansi Completed in 1674ms
95 timing reifyNode:node_modules/to-fast-properties Completed in 1682ms
96 timing reifyNode:node_modules/shebang-command Completed in 1685ms
97 timing reifyNode:node_modules/path-is-absolute Completed in 1763ms
98 timing reifyNode:node_modules/package-hash Completed in 1764ms
99 timing reifyNode:node_modules/once Completed in 1764ms
100 timing reifyNode:node_modules/normalize-path Completed in 1762ms
101 timing reifyNode:node_modules/ms Completed in 1762ms
102 timing reifyNode:node_modules/lodash.flattendeep Completed in 1762ms
103 timing reifyNode:node_modules/is-number Completed in 1763ms
104 timing reifyNode:node_modules/is-extglob Completed in 1763ms
105 timing reifyNode:node_modules/inflight Completed in 1764ms
106 timing reifyNode:node_modules/imurmurhash Completed in 1764ms
107 timing reifyNode:node_modules/find-cache-dir Completed in 1765ms
108 timing reifyNode:node_modules/escape-html Completed in 1766ms
109 timing reifyNode:node_modules/ee-first Completed in 1767ms
110 timing reifyNode:node_modules/destroy Completed in 1767ms
111 timing reifyNode:node_modules/decamelize Completed in 1767ms
112 timing reifyNode:node_modules/convert-source-map Completed in 1767ms
113 timing reifyNode:node_modules/color-name Completed in 1768ms
114 timing reifyNode:node_modules/caching-transform Completed in 1767ms
115 timing reifyNode:node_modules/browser-stdout Completed in 1768ms
116 timing reifyNode:node_modules/array-flatten Completed in 1767ms
117 timing reifyNode:node_modules/@types/serve-static Completed in 1767ms
118 timing reifyNode:node_modules/@types/range-parser Completed in 1767ms
119 timing reifyNode:node_modules/@types/qs Completed in 1767ms
120 timing reifyNode:node_modules/@types/morgan Completed in 1767ms
121 timing reifyNode:node_modules/@types/express Completed in 1767ms
122 timing reifyNode:node_modules/@types/cookiejar Completed in 1766ms
123 timing reifyNode:node_modules/@types/connect Completed in 1767ms
124 timing reifyNode:node_modules/@types/body-parser Completed in 1767ms
125 timing reifyNode:node_modules/test-exclude/node_modules/brace-expansion Completed in 1797ms
126 timing reifyNode:node_modules/superagent/node_modules/ms Completed in 1797ms
127 timing reifyNode:node_modules/send/node_modules/ms Completed in 1796ms
128 timing reifyNode:node_modules/rimraf/node_modules/brace-expansion Completed in 1796ms
129 timing reifyNode:node_modules/nyc/node_modules/wrap-ansi Completed in 1793ms
130 timing reifyNode:node_modules/nyc/node_modules/brace-expansion Completed in 1792ms
131 timing reifyNode:node_modules/nock/node_modules/ms Completed in 1792ms
132 timing reifyNode:node_modules/mocha/node_modules/ms Completed in 1791ms
133 timing reifyNode:node_modules/mocha/node_modules/glob/node_modules/brace-expansion Completed in 1791ms
134 timing reifyNode:node_modules/mocha/node_modules/debug/node_modules/ms Completed in 1792ms
135 timing reifyNode:node_modules/istanbul-lib-source-maps/node_modules/ms Completed in 1790ms
136 timing reifyNode:node_modules/@babel/traverse/node_modules/ms Completed in 1775ms
137 timing reifyNode:node_modules/@babel/highlight/node_modules/has-flag Completed in 1775ms
138 timing reifyNode:node_modules/@babel/highlight/node_modules/escape-string-regexp Completed in 1775ms
139 timing reifyNode:node_modules/@babel/highlight/node_modules/ansi-styles Completed in 1775ms
140 timing reifyNode:node_modules/@babel/core/node_modules/ms Completed in 1773ms
141 timing reifyNode:node_modules/is-windows Completed in 1794ms
142 timing reifyNode:node_modules/yocto-queue Completed in 1810ms
143 timing reifyNode:node_modules/which-module Completed in 1809ms
144 timing reifyNode:node_modules/vary Completed in 1809ms
145 timing reifyNode:node_modules/utils-merge Completed in 1809ms
146 timing reifyNode:node_modules/unpipe Completed in 1809ms
147 timing reifyNode:node_modules/type-is Completed in 1810ms
148 timing reifyNode:node_modules/toidentifier Completed in 1817ms
149 timing reifyNode:node_modules/to-regex-range Completed in 1817ms
150 timing reifyNode:node_modules/supports-color Completed in 1817ms
151 timing reifyNode:node_modules/strip-json-comments Completed in 1816ms
152 timing reifyNode:node_modules/strip-bom Completed in 1816ms
153 timing reifyNode:node_modules/strip-ansi Completed in 1816ms
154 timing reifyNode:node_modules/string-width Completed in 1817ms
155 timing reifyNode:node_modules/signal-exit Completed in 1817ms
156 timing reifyNode:node_modules/shebang-regex Completed in 1818ms
157 timing reifyNode:node_modules/set-blocking Completed in 1818ms
158 timing reifyNode:node_modules/serialize-javascript Completed in 1818ms
159 timing reifyNode:node_modules/resolve-from Completed in 1819ms
160 timing reifyNode:node_modules/require-main-filename Completed in 1819ms
161 timing reifyNode:node_modules/range-parser Completed in 1818ms
162 timing reifyNode:node_modules/process-on-spawn Completed in 1819ms
163 timing reifyNode:node_modules/pkg-dir Completed in 1819ms
164 timing reifyNode:node_modules/path-to-regexp Completed in 1866ms
165 timing reifyNode:node_modules/path-key Completed in 1867ms
166 timing reifyNode:node_modules/path-exists Completed in 1867ms
167 timing reifyNode:node_modules/parseurl Completed in 1867ms
168 timing reifyNode:node_modules/p-try Completed in 1867ms
169 timing reifyNode:node_modules/p-map Completed in 1867ms
170 timing reifyNode:node_modules/p-locate Completed in 1867ms
171 timing reifyNode:node_modules/p-limit Completed in 1867ms
172 timing reifyNode:node_modules/on-headers Completed in 1867ms
173 timing reifyNode:node_modules/nocache Completed in 1865ms
174 timing reifyNode:node_modules/methods Completed in 1864ms
175 timing reifyNode:node_modules/merge-descriptors Completed in 1864ms
176 timing reifyNode:node_modules/media-typer Completed in 1865ms
177 timing reifyNode:node_modules/make-dir Completed in 1865ms
178 timing reifyNode:node_modules/lru-cache Completed in 1865ms
179 timing reifyNode:node_modules/locate-path Completed in 1866ms
180 timing reifyNode:node_modules/istanbul-lib-processinfo Completed in 1866ms
181 timing reifyNode:node_modules/is-unicode-supported Completed in 1867ms
182 timing reifyNode:node_modules/is-typedarray Completed in 1867ms
183 timing reifyNode:node_modules/is-stream Completed in 1867ms
184 timing reifyNode:node_modules/is-plain-obj Completed in 1868ms
185 timing reifyNode:node_modules/is-glob Completed in 1868ms
186 timing reifyNode:node_modules/is-fullwidth-code-point Completed in 1867ms
187 timing reifyNode:node_modules/is-binary-path Completed in 1867ms
188 timing reifyNode:node_modules/inherits Completed in 1868ms
189 timing reifyNode:node_modules/indent-string Completed in 1868ms
190 timing reifyNode:node_modules/http-errors Completed in 1868ms
191 timing reifyNode:node_modules/has-flag Completed in 1868ms
192 timing reifyNode:node_modules/glob-parent Completed in 1869ms
193 timing reifyNode:node_modules/get-func-name Completed in 1869ms
194 timing reifyNode:node_modules/fromentries Completed in 1873ms
195 timing reifyNode:node_modules/fresh Completed in 1874ms
196 timing reifyNode:node_modules/forwarded Completed in 1874ms
197 timing reifyNode:node_modules/find-up Completed in 1874ms
198 timing reifyNode:node_modules/fill-range Completed in 1874ms
199 timing reifyNode:node_modules/etag Completed in 1875ms
200 timing reifyNode:node_modules/escape-string-regexp Completed in 1874ms
201 timing reifyNode:node_modules/encodeurl Completed in 1876ms
202 timing reifyNode:node_modules/default-require-extensions Completed in 1876ms
203 timing reifyNode:node_modules/cookiejar Completed in 1877ms
204 timing reifyNode:node_modules/cookie-signature Completed in 1877ms
205 timing reifyNode:node_modules/cookie-parser Completed in 1877ms
206 timing reifyNode:node_modules/content-type Completed in 1876ms
207 timing reifyNode:node_modules/component-emitter Completed in 1877ms
208 timing reifyNode:node_modules/clean-stack Completed in 1878ms
209 timing reifyNode:node_modules/camelcase Completed in 1878ms
210 timing reifyNode:node_modules/bytes Completed in 1878ms
211 timing reifyNode:node_modules/assertion-error Completed in 1878ms
212 timing reifyNode:node_modules/append-transform Completed in 1877ms
213 timing reifyNode:node_modules/anymatch Completed in 1878ms
214 timing reifyNode:node_modules/ansi-regex Completed in 1878ms
215 timing reifyNode:node_modules/aggregate-error Completed in 1877ms
216 timing reifyNode:node_modules/accepts Completed in 1877ms
217 timing reifyNode:node_modules/@babel/helper-split-export-declaration Completed in 1873ms
218 timing reifyNode:node_modules/@babel/helper-hoist-variables Completed in 1873ms
219 timing reifyNode:node_modules/@babel/helper-environment-visitor Completed in 1874ms
220 timing reifyNode:node_modules/@babel/code-frame Completed in 1874ms
221 timing reifyNode:node_modules/yargs-unparser/node_modules/decamelize Completed in 1909ms
222 timing reifyNode:node_modules/yargs-unparser/node_modules/camelcase Completed in 1910ms
223 timing reifyNode:node_modules/@babel/highlight Completed in 1878ms
224 timing reifyNode:node_modules/pkg-dir/node_modules/p-locate Completed in 1905ms
225 timing reifyNode:node_modules/pkg-dir/node_modules/p-limit Completed in 1905ms
226 timing reifyNode:node_modules/pkg-dir/node_modules/locate-path Completed in 1904ms
227 timing reifyNode:node_modules/pkg-dir/node_modules/find-up Completed in 1905ms
228 timing reifyNode:node_modules/nyc/node_modules/y18n Completed in 1904ms
229 timing reifyNode:node_modules/nyc/node_modules/p-locate Completed in 1904ms
230 timing reifyNode:node_modules/nyc/node_modules/p-limit Completed in 1903ms
231 timing reifyNode:node_modules/nyc/node_modules/locate-path Completed in 1904ms
232 timing reifyNode:node_modules/nyc/node_modules/find-up Completed in 1904ms
233 timing reifyNode:node_modules/morgan/node_modules/on-finished Completed in 1902ms
234 timing reifyNode:node_modules/istanbul-lib-report/node_modules/supports-color Completed in 1900ms
235 timing reifyNode:node_modules/chalk/node_modules/supports-color Completed in 1893ms
236 timing reifyNode:node_modules/@istanbuljs/load-nyc-config/node_modules/p-locate Completed in 1886ms
237 timing reifyNode:node_modules/@istanbuljs/load-nyc-config/node_modules/p-limit Completed in 1887ms
238 timing reifyNode:node_modules/@istanbuljs/load-nyc-config/node_modules/locate-path Completed in 1887ms
239 timing reifyNode:node_modules/@istanbuljs/load-nyc-config/node_modules/find-up Completed in 1886ms
240 timing reifyNode:node_modules/@babel/highlight/node_modules/supports-color Completed in 1886ms
241 timing reifyNode:node_modules/basic-auth Completed in 1894ms
242 timing reifyNode:node_modules/yargs-unparser Completed in 1919ms
243 timing reifyNode:node_modules/yallist Completed in 1918ms
244 timing reifyNode:node_modules/write-file-atomic Completed in 1919ms
245 timing reifyNode:node_modules/proxy-addr Completed in 1918ms
246 timing reifyNode:node_modules/pathval Completed in 1954ms
247 timing reifyNode:node_modules/on-finished Completed in 1954ms
248 timing reifyNode:node_modules/morgan Completed in 1953ms
249 timing reifyNode:node_modules/log-symbols Completed in 1952ms
250 timing reifyNode:node_modules/js-tokens Completed in 1953ms
251 timing reifyNode:node_modules/get-caller-file Completed in 1952ms
252 timing reifyNode:node_modules/fs.realpath Completed in 1953ms
253 timing reifyNode:node_modules/foreground-child Completed in 1954ms
254 timing reifyNode:node_modules/cookie Completed in 1953ms
255 timing reifyNode:node_modules/combined-stream Completed in 1952ms
256 timing reifyNode:node_modules/brace-expansion Completed in 1952ms
257 timing reifyNode:node_modules/balanced-match Completed in 1951ms
258 timing reifyNode:node_modules/ansi-styles Completed in 1951ms
259 timing reifyNode:node_modules/@types/mime Completed in 1950ms
260 timing reifyNode:node_modules/@types/express-serve-static-core Completed in 1950ms
261 timing reifyNode:node_modules/@istanbuljs/load-nyc-config Completed in 1948ms
262 timing reifyNode:node_modules/@babel/helper-simple-access Completed in 1946ms
263 timing reifyNode:node_modules/which Completed in 1984ms
264 timing reifyNode:node_modules/statuses Completed in 1983ms
265 timing reifyNode:node_modules/setprototypeof Completed in 1984ms
266 timing reifyNode:node_modules/serve-static Completed in 1983ms
267 timing reifyNode:node_modules/readdirp Completed in 1983ms
268 timing reifyNode:node_modules/picocolors Completed in 1982ms
269 timing reifyNode:node_modules/mime-types Completed in 2004ms
270 timing reifyNode:node_modules/hasha Completed in 2003ms
271 timing reifyNode:node_modules/has Completed in 2004ms
272 timing reifyNode:node_modules/globals Completed in 2004ms
273 timing reifyNode:node_modules/delayed-stream Completed in 2002ms
274 timing reifyNode:node_modules/deep-eql Completed in 2002ms
275 timing reifyNode:node_modules/content-disposition Completed in 2002ms
276 timing reifyNode:node_modules/check-error Completed in 2002ms
277 timing reifyNode:node_modules/binary-extensions Completed in 2002ms
278 timing reifyNode:node_modules/@istanbuljs/schema Completed in 1998ms
279 timing reifyNode:node_modules/test-exclude/node_modules/minimatch Completed in 2028ms
280 timing reifyNode:node_modules/rimraf/node_modules/minimatch Completed in 2026ms
281 timing reifyNode:node_modules/nyc/node_modules/minimatch Completed in 2022ms
282 timing reifyNode:node_modules/nyc/node_modules/cliui Completed in 2022ms
283 timing reifyNode:node_modules/mocha/node_modules/glob/node_modules/minimatch Completed in 2020ms
284 timing reifyNode:node_modules/basic-auth/node_modules/safe-buffer Completed in 2009ms
285 timing reifyNode:node_modules/@babel/highlight/node_modules/color-name Completed in 2002ms
286 timing reifyNode:node_modules/update-browserslist-db Completed in 2034ms
287 timing reifyNode:node_modules/typedarray-to-buffer Completed in 2034ms
288 timing reifyNode:node_modules/type-detect Completed in 2035ms
289 timing reifyNode:node_modules/safe-buffer Completed in 2033ms
290 timing reifyNode:node_modules/rimraf Completed in 2033ms
291 timing reifyNode:node_modules/require-directory Completed in 2034ms
292 timing reifyNode:node_modules/randombytes Completed in 2033ms
293 timing reifyNode:node_modules/graceful-fs Completed in 2046ms
294 timing reifyNode:node_modules/finalhandler Completed in 2044ms
295 timing reifyNode:node_modules/commondir Completed in 2043ms
296 timing reifyNode:node_modules/@babel/helper-string-parser Completed in 2035ms
297 timing reifyNode:node_modules/@babel/helper-function-name Completed in 2034ms
298 timing reifyNode:node_modules/mocha/node_modules/minimatch Completed in 2057ms
299 timing reifyNode:node_modules/express/node_modules/cookie Completed in 2051ms
300 timing reifyNode:node_modules/istanbul-lib-hook Completed in 2088ms
301 timing reifyNode:node_modules/get-package-type Completed in 2088ms
302 timing reifyNode:node_modules/concat-map Completed in 2085ms
303 timing reifyNode:node_modules/color-convert Completed in 2085ms
304 timing reifyNode:node_modules/superagent/node_modules/debug Completed in 2110ms
305 timing reifyNode:node_modules/nock/node_modules/debug Completed in 2101ms
306 timing reifyNode:node_modules/mocha/node_modules/debug Completed in 2101ms
307 timing reifyNode:node_modules/istanbul-lib-source-maps/node_modules/debug Completed in 2099ms
308 timing reifyNode:node_modules/express/node_modules/raw-body Completed in 2095ms
309 timing reifyNode:node_modules/@babel/traverse/node_modules/debug Completed in 2084ms
310 timing reifyNode:node_modules/@babel/highlight/node_modules/color-convert Completed in 2082ms
311 timing reifyNode:node_modules/@babel/core/node_modules/debug Completed in 2081ms
312 timing reifyNode:node_modules/ansi-colors Completed in 2090ms
313 timing reifyNode:node_modules/test-exclude Completed in 2114ms
314 timing reifyNode:node_modules/safer-buffer Completed in 2114ms
315 timing reifyNode:node_modules/release-zalgo Completed in 2113ms
316 timing reifyNode:node_modules/isexe Completed in 2123ms
317 timing reifyNode:node_modules/flat Completed in 2120ms
318 timing reifyNode:node_modules/es6-error Completed in 2120ms
319 timing reifyNode:node_modules/depd Completed in 2119ms
320 timing reifyNode:node_modules/@babel/helper-module-imports Completed in 2110ms
321 timing reifyNode:node_modules/@babel/highlight/node_modules/chalk Completed in 2112ms
322 timing reifyNode:node_modules/ipaddr.js Completed in 2147ms
323 timing reifyNode:node_modules/gensync Completed in 2148ms
324 timing reifyNode:node_modules/escalade Completed in 2147ms
325 timing reifyNode:node_modules/chalk Completed in 2145ms
326 timing reifyNode:node_modules/@types/mocha Completed in 2141ms
327 timing reifyNode:node_modules/mocha/node_modules/glob Completed in 2160ms
328 timing reifyNode:node_modules/send Completed in 2171ms
329 timing reifyNode:node_modules/node-releases Completed in 2196ms
330 timing reifyNode:node_modules/jsesc Completed in 2194ms
331 timing reifyNode:node_modules/emoji-regex Completed in 2191ms
332 timing reifyNode:node_modules/cross-spawn Completed in 2190ms
333 timing reifyNode:node_modules/archy Completed in 2186ms
334 timing reifyNode:node_modules/@babel/helper-validator-option Completed in 2181ms
335 timing reifyNode:node_modules/@jridgewell/set-array Completed in 2185ms
336 timing reifyNode:node_modules/semver Completed in 2212ms
337 http fetch GET 200 https://registry.npmjs.org/hexoid/-/hexoid-1.0.0.tgz 1869ms (cache miss)
338 timing reifyNode:node_modules/node-preload Completed in 2219ms
339 timing reifyNode:node_modules/negotiator Completed in 2218ms
340 timing reifyNode:node_modules/nyc/node_modules/yargs-parser Completed in 2227ms
341 timing reifyNode:node_modules/y18n Completed in 2236ms
342 timing reifyNode:node_modules/side-channel Completed in 2234ms
343 timing reifyNode:node_modules/hexoid Completed in 2223ms
344 timing reifyNode:node_modules/cliui Completed in 2230ms
345 timing reifyNode:node_modules/@jridgewell/resolve-uri Completed in 2223ms
346 http fetch GET 200 https://registry.npmjs.org/foreachasync/-/foreachasync-3.0.0.tgz 1902ms (cache miss)
347 timing reifyNode:node_modules/mime Completed in 2254ms
348 timing reifyNode:node_modules/istanbul-lib-coverage Completed in 2253ms
349 timing reifyNode:node_modules/html-escaper Completed in 2253ms
350 timing reifyNode:node_modules/get-intrinsic Completed in 2253ms
351 timing reifyNode:node_modules/function-bind Completed in 2252ms
352 timing reifyNode:node_modules/browserslist Completed in 2247ms
353 timing reifyNode:node_modules/istanbul-lib-source-maps Completed in 2277ms
354 timing reifyNode:node_modules/istanbul-lib-report Completed in 2276ms
355 timing reifyNode:node_modules/he Completed in 2275ms
356 timing reifyNode:node_modules/call-bind Completed in 2269ms
357 timing reifyNode:node_modules/@jridgewell/sourcemap-codec Completed in 2264ms
358 timing reifyNode:node_modules/@babel/helper-validator-identifier Completed in 2261ms
359 timing reifyNode:node_modules/braces Completed in 2271ms
360 timing reifyNode:node_modules/foreachasync Completed in 2282ms
361 http fetch GET 200 https://registry.npmjs.org/yallist/-/yallist-4.0.0.tgz 1896ms (cache miss)
362 timing reifyNode:node_modules/superagent/node_modules/yallist Completed in 2300ms
363 http fetch GET 200 https://registry.npmjs.org/dezalgo/-/dezalgo-1.0.4.tgz 1935ms (cache miss)
364 timing reifyNode:node_modules/dezalgo Completed in 2284ms
365 timing reifyNode:node_modules/istanbul-lib-instrument Completed in 2295ms
366 timing reifyNode:node_modules/picomatch Completed in 2310ms
367 http fetch GET 200 https://registry.npmjs.org/@types/superagent/-/superagent-4.1.16.tgz 1926ms (cache miss)
368 timing reifyNode:node_modules/@types/superagent Completed in 2296ms
369 timing reifyNode:node_modules/chokidar Completed in 2304ms
370 timing reifyNode:node_modules/argparse Completed in 2302ms
371 timing reifyNode:node_modules/@jridgewell/gen-mapping Completed in 2298ms
372 timing reifyNode:node_modules/yargs-parser Completed in 2331ms
373 http fetch GET 200 https://registry.npmjs.org/proxy-from-env/-/proxy-from-env-1.1.0.tgz 2010ms (cache miss)
374 http fetch GET 200 https://registry.npmjs.org/propagate/-/propagate-2.0.1.tgz 2009ms (cache miss)
375 timing reifyNode:node_modules/propagate Completed in 2328ms
376 http fetch GET 200 https://registry.npmjs.org/glob/-/glob-7.2.3.tgz 1933ms (cache miss)
377 timing reifyNode:node_modules/proxy-from-env Completed in 2341ms
378 http fetch GET 200 https://registry.npmjs.org/json-stringify-safe/-/json-stringify-safe-5.0.1.tgz 2005ms (cache miss)
379 http fetch GET 200 https://registry.npmjs.org/fast-safe-stringify/-/fast-safe-stringify-2.1.1.tgz 1986ms (cache miss)
380 timing reifyNode:node_modules/mime-db Completed in 2340ms
381 timing reifyNode:node_modules/has-symbols Completed in 2337ms
382 timing reifyNode:node_modules/@babel/compat-data Completed in 2321ms
383 timing reifyNode:node_modules/@ampproject/remapping Completed in 2320ms
384 timing reifyNode:node_modules/test-exclude/node_modules/glob Completed in 2360ms
385 http fetch GET 200 https://registry.npmjs.org/mime/-/mime-2.6.0.tgz 1954ms (cache miss)
386 http fetch GET 200 https://registry.npmjs.org/@types/supertest/-/supertest-2.0.12.tgz 1969ms (cache miss)
387 timing reifyNode:node_modules/@types/supertest Completed in 2337ms
388 http fetch GET 200 https://registry.npmjs.org/lru-cache/-/lru-cache-6.0.0.tgz 1955ms (cache miss)
389 timing reifyNode:node_modules/superagent/node_modules/lru-cache Completed in 2362ms
390 timing reifyNode:node_modules/asynckit Completed in 2348ms
391 timing reifyNode:node_modules/express/node_modules/body-parser Completed in 2356ms
392 http fetch GET 200 https://registry.npmjs.org/hbs/-/hbs-4.2.0.tgz 2028ms (cache miss)
393 timing reifyNode:node_modules/hbs Completed in 2363ms
394 timing reifyNode:node_modules/fast-safe-stringify Completed in 2362ms
395 timing reifyNode:node_modules/debug Completed in 2367ms
396 timing reifyNode:node_modules/spawn-wrap Completed in 2387ms
397 http fetch GET 200 https://registry.npmjs.org/minimatch/-/minimatch-5.1.6.tgz 2053ms (cache miss)
398 timing reifyNode:node_modules/minimatch Completed in 2380ms
399 timing reifyNode:node_modules/json-stringify-safe Completed in 2380ms
400 timing reifyNode:node_modules/sprintf-js Completed in 2400ms
401 http fetch GET 200 https://registry.npmjs.org/supertest/-/supertest-6.3.3.tgz 2089ms (cache miss)
402 timing reifyNode:node_modules/supertest Completed in 2402ms
403 http fetch GET 200 https://registry.npmjs.org/walk/-/walk-2.3.15.tgz 2093ms (cache miss)
404 timing reifyNode:node_modules/walk Completed in 2405ms
405 http fetch GET 200 https://registry.npmjs.org/form-data/-/form-data-4.0.0.tgz 2051ms (cache miss)
406 timing reifyNode:node_modules/form-data Completed in 2391ms
407 timing reifyNode:node_modules/superagent/node_modules/mime Completed in 2406ms
408 timing reifyNode:node_modules/@babel/helper-compilation-targets Completed in 2378ms
409 timing reifyNode:node_modules/type-fest Completed in 2421ms
410 http fetch GET 200 https://registry.npmjs.org/follow-redirects/-/follow-redirects-1.15.2.tgz 2067ms (cache miss)
411 timing reifyNode:node_modules/follow-redirects Completed in 2410ms
412 http fetch GET 200 https://registry.npmjs.org/raw-body/-/raw-body-2.5.2.tgz 2116ms (cache miss)
413 timing reifyNode:node_modules/raw-body Completed in 2431ms
414 http fetch GET 200 https://registry.npmjs.org/asap/-/asap-2.0.6.tgz 2047ms (cache miss)
415 timing reifyNode:node_modules/asap Completed in 2415ms
416 timing reifyNode:node_modules/loupe Completed in 2428ms
417 timing reifyNode:node_modules/electron-to-chromium Completed in 2423ms
418 timing reifyNode:node_modules/esprima Completed in 2432ms
419 timing reifyNode:node_modules/@babel/helper-module-transforms Completed in 2420ms
420 timing reifyNode:node_modules/@babel/generator/node_modules/@jridgewell/gen-mapping Completed in 2420ms
421 timing reifyNode:node_modules/@babel/template Completed in 2436ms
422 timing reifyNode:node_modules/nanoid Completed in 2482ms
423 timing reifyNode:node_modules/@jridgewell/trace-mapping Completed in 2467ms
424 http fetch GET 200 https://registry.npmjs.org/glob/-/glob-8.1.0.tgz 2150ms (cache miss)
425 timing reifyNode:node_modules/glob Completed in 2488ms
426 http fetch GET 200 https://registry.npmjs.org/wordwrap/-/wordwrap-1.0.0.tgz 2214ms (cache miss)
427 timing reifyNode:node_modules/wordwrap Completed in 2522ms
428 timing reifyNode:node_modules/express Completed in 2510ms
429 http fetch GET 200 https://registry.npmjs.org/glob/-/glob-7.2.3.tgz 2124ms (cache miss)
430 timing reifyNode:node_modules/rimraf/node_modules/glob Completed in 2532ms
431 http fetch GET 200 https://registry.npmjs.org/glob/-/glob-7.2.3.tgz 2122ms (cache miss)
432 timing reifyNode:node_modules/nyc/node_modules/glob Completed in 2528ms
433 timing reifyNode:node_modules/nyc Completed in 2537ms
434 timing reifyNode:node_modules/qs Completed in 2555ms
435 timing reifyNode:node_modules/json5 Completed in 2570ms
436 http fetch GET 200 https://registry.npmjs.org/body-parser/-/body-parser-1.20.2.tgz 2209ms (cache miss)
437 timing reifyNode:node_modules/body-parser Completed in 2573ms
438 timing reifyNode:node_modules/object-inspect Completed in 2595ms
439 timing reifyNode:node_modules/@istanbuljs/load-nyc-config/node_modules/argparse Completed in 2574ms
440 timing reifyNode:node_modules/iconv-lite Completed in 2607ms
441 http fetch GET 200 https://registry.npmjs.org/minimist/-/minimist-1.2.8.tgz 2304ms (cache miss)
442 timing reifyNode:node_modules/minimist Completed in 2629ms
443 timing reifyNode:node_modules/workerpool Completed in 2655ms
444 http fetch GET 200 https://registry.npmjs.org/nock/-/nock-13.3.0.tgz 2504ms (cache miss)
445 timing reifyNode:node_modules/nock Completed in 2828ms
446 http fetch GET 200 https://registry.npmjs.org/formidable/-/formidable-2.1.2.tgz 2487ms (cache miss)
447 timing reifyNode:node_modules/formidable Completed in 2825ms
448 timing reifyNode:node_modules/js-yaml Completed in 2863ms
449 timing reifyNode:node_modules/diff Completed in 2857ms
450 http fetch GET 200 https://registry.npmjs.org/semver/-/semver-7.3.8.tgz 2493ms (cache miss)
451 timing reifyNode:node_modules/superagent/node_modules/semver Completed in 2918ms
452 timing reifyNode:node_modules/source-map Completed in 2929ms
453 timing reifyNode:node_modules/@istanbuljs/load-nyc-config/node_modules/js-yaml Completed in 2935ms
454 timing reifyNode:node_modules/@babel/generator Completed in 2979ms
455 timing reifyNode:node_modules/nyc/node_modules/yargs Completed in 3011ms
456 timing reifyNode:node_modules/yargs Completed in 3042ms
457 timing reifyNode:node_modules/uuid Completed in 3041ms
458 timing reifyNode:node_modules/@babel/helpers Completed in 3025ms
459 http fetch GET 200 https://registry.npmjs.org/express-handlebars/-/express-handlebars-6.0.7.tgz 2726ms (cache miss)
460 timing reifyNode:node_modules/express-handlebars Completed in 3086ms
461 http fetch GET 200 https://registry.npmjs.org/superagent/-/superagent-8.0.9.tgz 2813ms (cache miss)
462 timing reifyNode:node_modules/superagent Completed in 3137ms
463 timing reifyNode:node_modules/istanbul-reports Completed in 3167ms
464 timing reifyNode:node_modules/chai Completed in 3166ms
465 timing reifyNode:node_modules/@babel/traverse Completed in 3193ms
466 timing reifyNode:node_modules/@babel/parser Completed in 3208ms
467 http fetch GET 200 https://registry.npmjs.org/uglify-js/-/uglify-js-3.17.4.tgz 3024ms (cache miss)
468 timing reifyNode:node_modules/uglify-js Completed in 3336ms
469 http fetch GET 200 https://registry.npmjs.org/neo-async/-/neo-async-2.6.2.tgz 3024ms (cache miss)
470 timing reifyNode:node_modules/neo-async Completed in 3348ms
471 timing reifyNode:node_modules/mocha Completed in 3528ms
472 timing reifyNode:node_modules/@babel/core Completed in 3515ms
473 http fetch GET 200 https://registry.npmjs.org/axios/-/axios-1.3.4.tgz 3220ms (cache miss)
474 timing reifyNode:node_modules/axios Completed in 3588ms
475 timing reifyNode:node_modules/@babel/types Completed in 3847ms
476 http fetch GET 200 https://registry.npmjs.org/handlebars/-/handlebars-4.7.7.tgz 3583ms (cache miss)
477 timing reifyNode:node_modules/handlebars Completed in 3921ms
478 http fetch GET 200 https://registry.npmjs.org/@types/node/-/node-18.14.2.tgz 3542ms (cache miss)
479 timing reifyNode:node_modules/@types/node Completed in 3913ms
480 timing reifyNode:node_modules/caniuse-lite Completed in 4458ms
481 http fetch GET 200 https://registry.npmjs.org/lodash/-/lodash-4.17.21.tgz 4227ms (cache miss)
482 timing reifyNode:node_modules/lodash Completed in 4555ms
483 timing reify:unpack Completed in 4570ms
484 timing reify:unretire Completed in 1ms
485 timing build:queue Completed in 17ms
486 timing build:link:node_modules/@babel/parser Completed in 24ms
487 timing build:link:node_modules/@istanbuljs/load-nyc-config/node_modules/js-yaml Completed in 19ms
488 timing build:link:node_modules/superagent/node_modules/mime Completed in 20ms
489 timing build:link:node_modules/browserslist Completed in 24ms
490 timing build:link:node_modules/esprima Completed in 24ms
491 timing build:link:node_modules/flat Completed in 24ms
492 timing build:link:node_modules/handlebars Completed in 24ms
493 timing build:link:node_modules/he Completed in 24ms
494 timing build:link:node_modules/js-yaml Completed in 24ms
495 timing build:link:node_modules/jsesc Completed in 22ms
496 timing build:link:node_modules/json5 Completed in 22ms
497 timing build:link:node_modules/mime Completed in 22ms
498 timing build:link:node_modules/mocha Completed in 21ms
499 timing build:link:node_modules/nanoid Completed in 21ms
500 timing build:link:node_modules/nyc Completed in 21ms
501 timing build:link:node_modules/rimraf Completed in 21ms
502 timing build:link:node_modules/semver Completed in 20ms
503 timing build:link:node_modules/uglify-js Completed in 20ms
504 timing build:link:node_modules/update-browserslist-db Completed in 21ms
505 timing build:link:node_modules/uuid Completed in 21ms
506 timing build:link:node_modules/which Completed in 21ms
507 timing build:link:node_modules/superagent/node_modules/semver Completed in 21ms
508 timing build:link Completed in 27ms
509 timing build:deps Completed in 45ms
510 timing build Completed in 45ms
511 timing reify:build Completed in 47ms
512 timing reify:trash Completed in 1ms
513 timing reify:save Completed in 166ms
514 timing reify Completed in 5299ms
515 silly ADD node_modules/yocto-queue
516 silly ADD node_modules/yargs-unparser
517 silly ADD node_modules/yargs-unparser/node_modules/decamelize
518 silly ADD node_modules/yargs-unparser/node_modules/camelcase
519 silly ADD node_modules/yargs-parser
520 silly ADD node_modules/yargs
521 silly ADD node_modules/yallist
522 silly ADD node_modules/y18n
523 silly ADD node_modules/write-file-atomic
524 silly ADD node_modules/wrappy
525 silly ADD node_modules/wrap-ansi
526 silly ADD node_modules/workerpool
527 silly ADD node_modules/wordwrap
528 silly ADD node_modules/which-module
529 silly ADD node_modules/which
530 silly ADD node_modules/walk
531 silly ADD node_modules/vary
532 silly ADD node_modules/uuid
533 silly ADD node_modules/utils-merge
534 silly ADD node_modules/update-browserslist-db
535 silly ADD node_modules/unpipe
536 silly ADD node_modules/uglify-js
537 silly ADD node_modules/typedarray-to-buffer
538 silly ADD node_modules/type-is
539 silly ADD node_modules/type-fest
540 silly ADD node_modules/type-detect
541 silly ADD node_modules/toidentifier
542 silly ADD node_modules/to-regex-range
543 silly ADD node_modules/to-fast-properties
544 silly ADD node_modules/test-exclude
545 silly ADD node_modules/test-exclude/node_modules/minimatch
546 silly ADD node_modules/test-exclude/node_modules/glob
547 silly ADD node_modules/test-exclude/node_modules/brace-expansion
548 silly ADD node_modules/supports-color
549 silly ADD node_modules/supertest
550 silly ADD node_modules/superagent
551 silly ADD node_modules/superagent/node_modules/yallist
552 silly ADD node_modules/superagent/node_modules/semver
553 silly ADD node_modules/superagent/node_modules/ms
554 silly ADD node_modules/superagent/node_modules/mime
555 silly ADD node_modules/superagent/node_modules/lru-cache
556 silly ADD node_modules/superagent/node_modules/debug
557 silly ADD node_modules/strip-json-comments
558 silly ADD node_modules/strip-bom
559 silly ADD node_modules/strip-ansi
560 silly ADD node_modules/string-width
561 silly ADD node_modules/statuses
562 silly ADD node_modules/sprintf-js
563 silly ADD node_modules/spawn-wrap
564 silly ADD node_modules/source-map
565 silly ADD node_modules/signal-exit
566 silly ADD node_modules/side-channel
567 silly ADD node_modules/shebang-regex
568 silly ADD node_modules/shebang-command
569 silly ADD node_modules/setprototypeof
570 silly ADD node_modules/set-blocking
571 silly ADD node_modules/serve-static
572 silly ADD node_modules/serialize-javascript
573 silly ADD node_modules/send
574 silly ADD node_modules/send/node_modules/ms
575 silly ADD node_modules/semver
576 silly ADD node_modules/safer-buffer
577 silly ADD node_modules/safe-buffer
578 silly ADD node_modules/rimraf
579 silly ADD node_modules/rimraf/node_modules/minimatch
580 silly ADD node_modules/rimraf/node_modules/glob
581 silly ADD node_modules/rimraf/node_modules/brace-expansion
582 silly ADD node_modules/resolve-from
583 silly ADD node_modules/require-main-filename
584 silly ADD node_modules/require-directory
585 silly ADD node_modules/release-zalgo
586 silly ADD node_modules/readdirp
587 silly ADD node_modules/raw-body
588 silly ADD node_modules/range-parser
589 silly ADD node_modules/randombytes
590 silly ADD node_modules/qs
591 silly ADD node_modules/proxy-from-env
592 silly ADD node_modules/proxy-addr
593 silly ADD node_modules/propagate
594 silly ADD node_modules/process-on-spawn
595 silly ADD node_modules/pkg-dir
596 silly ADD node_modules/pkg-dir/node_modules/p-locate
597 silly ADD node_modules/pkg-dir/node_modules/p-limit
598 silly ADD node_modules/pkg-dir/node_modules/locate-path
599 silly ADD node_modules/pkg-dir/node_modules/find-up
600 silly ADD node_modules/picomatch
601 silly ADD node_modules/picocolors
602 silly ADD node_modules/pathval
603 silly ADD node_modules/path-to-regexp
604 silly ADD node_modules/path-key
605 silly ADD node_modules/path-is-absolute
606 silly ADD node_modules/path-exists
607 silly ADD node_modules/parseurl
608 silly ADD node_modules/package-hash
609 silly ADD node_modules/p-try
610 silly ADD node_modules/p-map
611 silly ADD node_modules/p-locate
612 silly ADD node_modules/p-limit
613 silly ADD node_modules/once
614 silly ADD node_modules/on-headers
615 silly ADD node_modules/on-finished
616 silly ADD node_modules/object-inspect
617 silly ADD node_modules/nyc
618 silly ADD node_modules/nyc/node_modules/yargs-parser
619 silly ADD node_modules/nyc/node_modules/yargs
620 silly ADD node_modules/nyc/node_modules/y18n
621 silly ADD node_modules/nyc/node_modules/wrap-ansi
622 silly ADD node_modules/nyc/node_modules/p-locate
623 silly ADD node_modules/nyc/node_modules/p-limit
624 silly ADD node_modules/nyc/node_modules/minimatch
625 silly ADD node_modules/nyc/node_modules/locate-path
626 silly ADD node_modules/nyc/node_modules/glob
627 silly ADD node_modules/nyc/node_modules/find-up
628 silly ADD node_modules/nyc/node_modules/cliui
629 silly ADD node_modules/nyc/node_modules/brace-expansion
630 silly ADD node_modules/normalize-path
631 silly ADD node_modules/node-releases
632 silly ADD node_modules/node-preload
633 silly ADD node_modules/nock
634 silly ADD node_modules/nock/node_modules/ms
635 silly ADD node_modules/nock/node_modules/debug
636 silly ADD node_modules/nocache
637 silly ADD node_modules/neo-async
638 silly ADD node_modules/negotiator
639 silly ADD node_modules/nanoid
640 silly ADD node_modules/ms
641 silly ADD node_modules/morgan
642 silly ADD node_modules/morgan/node_modules/on-finished
643 silly ADD node_modules/mocha
644 silly ADD node_modules/mocha/node_modules/ms
645 silly ADD node_modules/mocha/node_modules/minimatch
646 silly ADD node_modules/mocha/node_modules/glob
647 silly ADD node_modules/mocha/node_modules/glob/node_modules/minimatch
648 silly ADD node_modules/mocha/node_modules/glob/node_modules/brace-expansion
649 silly ADD node_modules/mocha/node_modules/debug
650 silly ADD node_modules/mocha/node_modules/debug/node_modules/ms
651 silly ADD node_modules/minimist
652 silly ADD node_modules/minimatch
653 silly ADD node_modules/mime-types
654 silly ADD node_modules/mime-db
655 silly ADD node_modules/mime
656 silly ADD node_modules/methods
657 silly ADD node_modules/merge-descriptors
658 silly ADD node_modules/media-typer
659 silly ADD node_modules/make-dir
660 silly ADD node_modules/lru-cache
661 silly ADD node_modules/loupe
662 silly ADD node_modules/log-symbols
663 silly ADD node_modules/lodash.flattendeep
664 silly ADD node_modules/lodash
665 silly ADD node_modules/locate-path
666 silly ADD node_modules/json5
667 silly ADD node_modules/json-stringify-safe
668 silly ADD node_modules/jsesc
669 silly ADD node_modules/js-yaml
670 silly ADD node_modules/js-tokens
671 silly ADD node_modules/istanbul-reports
672 silly ADD node_modules/istanbul-lib-source-maps
673 silly ADD node_modules/istanbul-lib-source-maps/node_modules/ms
674 silly ADD node_modules/istanbul-lib-source-maps/node_modules/debug
675 silly ADD node_modules/istanbul-lib-report
676 silly ADD node_modules/istanbul-lib-report/node_modules/supports-color
677 silly ADD node_modules/istanbul-lib-processinfo
678 silly ADD node_modules/istanbul-lib-instrument
679 silly ADD node_modules/istanbul-lib-hook
680 silly ADD node_modules/istanbul-lib-coverage
681 silly ADD node_modules/isexe
682 silly ADD node_modules/is-windows
683 silly ADD node_modules/is-unicode-supported
684 silly ADD node_modules/is-typedarray
685 silly ADD node_modules/is-stream
686 silly ADD node_modules/is-plain-obj
687 silly ADD node_modules/is-number
688 silly ADD node_modules/is-glob
689 silly ADD node_modules/is-fullwidth-code-point
690 silly ADD node_modules/is-extglob
691 silly ADD node_modules/is-binary-path
692 silly ADD node_modules/ipaddr.js
693 silly ADD node_modules/inherits
694 silly ADD node_modules/inflight
695 silly ADD node_modules/indent-string
696 silly ADD node_modules/imurmurhash
697 silly ADD node_modules/iconv-lite
698 silly ADD node_modules/http-errors
699 silly ADD node_modules/html-escaper
700 silly ADD node_modules/hexoid
701 silly ADD node_modules/he
702 silly ADD node_modules/hbs
703 silly ADD node_modules/hasha
704 silly ADD node_modules/has-symbols
705 silly ADD node_modules/has-flag
706 silly ADD node_modules/has
707 silly ADD node_modules/handlebars
708 silly ADD node_modules/graceful-fs
709 silly ADD node_modules/globals
710 silly ADD node_modules/glob-parent
711 silly ADD node_modules/glob
712 silly ADD node_modules/get-package-type
713 silly ADD node_modules/get-intrinsic
714 silly ADD node_modules/get-func-name
715 silly ADD node_modules/get-caller-file
716 silly ADD node_modules/gensync
717 silly ADD node_modules/function-bind
718 silly ADD
719 silly ADD node_modules/fs.realpath
720 silly ADD node_modules/fromentries
721 silly ADD node_modules/fresh
722 silly ADD node_modules/forwarded
723 silly ADD node_modules/formidable
724 silly ADD node_modules/form-data
725 silly ADD node_modules/foreground-child
726 silly ADD node_modules/foreachasync
727 silly ADD node_modules/follow-redirects
728 silly ADD node_modules/flat
729 silly ADD node_modules/find-up
730 silly ADD node_modules/find-cache-dir
731 silly ADD node_modules/finalhandler
732 silly ADD node_modules/fill-range
733 silly ADD node_modules/fast-safe-stringify
734 silly ADD node_modules/express-handlebars
735 silly ADD node_modules/express
736 silly ADD node_modules/express/node_modules/raw-body
737 silly ADD node_modules/express/node_modules/cookie
738 silly ADD node_modules/express/node_modules/body-parser
739 silly ADD node_modules/etag
740 silly ADD node_modules/esprima
741 silly ADD node_modules/escape-string-regexp
742 silly ADD node_modules/escape-html
743 silly ADD node_modules/escalade
744 silly ADD node_modules/es6-error
745 silly ADD node_modules/encodeurl
746 silly ADD node_modules/emoji-regex
747 silly ADD node_modules/electron-to-chromium
748 silly ADD node_modules/ee-first
749 silly ADD node_modules/diff
750 silly ADD node_modules/dezalgo
751 silly ADD node_modules/destroy
752 silly ADD node_modules/depd
753 silly ADD node_modules/delayed-stream
754 silly ADD node_modules/default-require-extensions
755 silly ADD node_modules/deep-eql
756 silly ADD node_modules/decamelize
757 silly ADD node_modules/debug
758 silly ADD node_modules/cross-spawn
759 silly ADD node_modules/cookiejar
760 silly ADD node_modules/cookie-signature
761 silly ADD node_modules/cookie-parser
762 silly ADD node_modules/cookie
763 silly ADD node_modules/convert-source-map
764 silly ADD node_modules/content-type
765 silly ADD node_modules/content-disposition
766 silly ADD node_modules/concat-map
767 silly ADD node_modules/component-emitter
768 silly ADD node_modules/commondir
769 silly ADD node_modules/combined-stream
770 silly ADD node_modules/color-name
771 silly ADD node_modules/color-convert
772 silly ADD node_modules/cliui
773 silly ADD node_modules/clean-stack
774 silly ADD node_modules/chokidar
775 silly ADD node_modules/check-error
776 silly ADD node_modules/chalk
777 silly ADD node_modules/chalk/node_modules/supports-color
778 silly ADD node_modules/chai
779 silly ADD node_modules/caniuse-lite
780 silly ADD node_modules/camelcase
781 silly ADD node_modules/call-bind
782 silly ADD node_modules/caching-transform
783 silly ADD node_modules/bytes
784 silly ADD node_modules/browserslist
785 silly ADD node_modules/browser-stdout
786 silly ADD node_modules/braces
787 silly ADD node_modules/brace-expansion
788 silly ADD node_modules/body-parser
789 silly ADD node_modules/binary-extensions
790 silly ADD node_modules/basic-auth
791 silly ADD node_modules/basic-auth/node_modules/safe-buffer
792 silly ADD node_modules/balanced-match
793 silly ADD node_modules/axios
794 silly ADD node_modules/asynckit
795 silly ADD node_modules/assertion-error
796 silly ADD node_modules/asap
797 silly ADD node_modules/array-flatten
798 silly ADD node_modules/argparse
799 silly ADD node_modules/archy
800 silly ADD node_modules/append-transform
801 silly ADD node_modules/anymatch
802 silly ADD node_modules/ansi-styles
803 silly ADD node_modules/ansi-regex
804 silly ADD node_modules/ansi-colors
805 silly ADD node_modules/aggregate-error
806 silly ADD node_modules/accepts
807 silly ADD node_modules/@types/supertest
808 silly ADD node_modules/@types/superagent
809 silly ADD node_modules/@types/serve-static
810 silly ADD node_modules/@types/range-parser
811 silly ADD node_modules/@types/qs
812 silly ADD node_modules/@types/node
813 silly ADD node_modules/@types/morgan
814 silly ADD node_modules/@types/mocha
815 silly ADD node_modules/@types/mime
816 silly ADD node_modules/@types/express-serve-static-core
817 silly ADD node_modules/@types/express
818 silly ADD node_modules/@types/cookiejar
819 silly ADD node_modules/@types/connect
820 silly ADD node_modules/@types/body-parser
821 silly ADD node_modules/@jridgewell/trace-mapping
822 silly ADD node_modules/@jridgewell/sourcemap-codec
823 silly ADD node_modules/@jridgewell/set-array
824 silly ADD node_modules/@jridgewell/resolve-uri
825 silly ADD node_modules/@jridgewell/gen-mapping
826 silly ADD node_modules/@istanbuljs/schema
827 silly ADD node_modules/@istanbuljs/load-nyc-config
828 silly ADD node_modules/@istanbuljs/load-nyc-config/node_modules/p-locate
829 silly ADD node_modules/@istanbuljs/load-nyc-config/node_modules/p-limit
830 silly ADD node_modules/@istanbuljs/load-nyc-config/node_modules/locate-path
831 silly ADD node_modules/@istanbuljs/load-nyc-config/node_modules/js-yaml
832 silly ADD node_modules/@istanbuljs/load-nyc-config/node_modules/find-up
833 silly ADD node_modules/@istanbuljs/load-nyc-config/node_modules/argparse
834 silly ADD node_modules/@babel/types
835 silly ADD node_modules/@babel/traverse
836 silly ADD node_modules/@babel/traverse/node_modules/ms
837 silly ADD node_modules/@babel/traverse/node_modules/debug
838 silly ADD node_modules/@babel/template
839 silly ADD node_modules/@babel/parser
840 silly ADD node_modules/@babel/highlight
841 silly ADD node_modules/@babel/highlight/node_modules/supports-color
842 silly ADD node_modules/@babel/highlight/node_modules/has-flag
843 silly ADD node_modules/@babel/highlight/node_modules/escape-string-regexp
844 silly ADD node_modules/@babel/highlight/node_modules/color-name
845 silly ADD node_modules/@babel/highlight/node_modules/color-convert
846 silly ADD node_modules/@babel/highlight/node_modules/chalk
847 silly ADD node_modules/@babel/highlight/node_modules/ansi-styles
848 silly ADD node_modules/@babel/helpers
849 silly ADD node_modules/@babel/helper-validator-option
850 silly ADD node_modules/@babel/helper-validator-identifier
851 silly ADD node_modules/@babel/helper-string-parser
852 silly ADD node_modules/@babel/helper-split-export-declaration
853 silly ADD node_modules/@babel/helper-simple-access
854 silly ADD node_modules/@babel/helper-module-transforms
855 silly ADD node_modules/@babel/helper-module-imports
856 silly ADD node_modules/@babel/helper-hoist-variables
857 silly ADD node_modules/@babel/helper-function-name
858 silly ADD node_modules/@babel/helper-environment-visitor
859 silly ADD node_modules/@babel/helper-compilation-targets
860 silly ADD node_modules/@babel/generator
861 silly ADD node_modules/@babel/generator/node_modules/@jridgewell/gen-mapping
862 silly ADD node_modules/@babel/core
863 silly ADD node_modules/@babel/core/node_modules/ms
864 silly ADD node_modules/@babel/core/node_modules/debug
865 silly ADD node_modules/@babel/compat-data
866 silly ADD node_modules/@babel/code-frame
867 silly ADD node_modules/@ampproject/remapping
868 timing command:install Completed in 5328ms
869 verbose exit 0
870 timing npm Completed in 5369ms
871 info ok
